2025-02-20 12:40:23,538 INFO: PoËet ¯·dk˘ po odstranÏnÌ pr·zdn˝ch server˘: 340 [in C:\Users\uzivatel\Documents\script-1\app.py:197]
2025-02-20 12:40:23,542 INFO: PoËet ¯·dk˘ po kontrole data: 290 [in C:\Users\uzivatel\Documents\script-1\app.py:216]
2025-02-20 12:40:23,542 INFO: DostupnÈ sloupce: ['Server', 'Cesta', 'N·zev certifik·tu', 'Expirace'] [in C:\Users\uzivatel\Documents\script-1\app.py:219]
2025-02-20 12:40:23,543 INFO: PrvnÌch 5 ¯·dk˘: [in C:\Users\uzivatel\Documents\script-1\app.py:222]
2025-02-20 12:40:23,544 INFO:          Server                                   Cesta                               N·zev certifik·tu             Expirace
0  TVWATRCPRX01                               Personal                          *trcacheprx.ppfbanka.cz  2025-10-10 00:00:00
1  TVWATRCPRX01                               Personal                          TVWATRCPRX01.dmzppfb.cz  2025-03-27 00:00:00
3  TVWATRCPRX01  Trusted Root Certification Authorities  Class 3 Public Primary Certification Authority  2028-08-02 00:00:00
4  TVWATRCPRX01  Trusted Root Certification Authorities              COMODO RSA Certification Authority  2038-01-19 00:00:00
5  TVWATRCPRX01  Trusted Root Certification Authorities                     DigiCert Assured ID Root CA  2031-11-10 00:00:00 [in C:\Users\uzivatel\Documents\script-1\app.py:223]
2025-02-20 12:42:48,374 INFO: Aplikace spuötÏna [in C:\Users\uzivatel\Documents\script-1\app.py:34]
2025-02-20 12:42:48,399 INFO: Vytvo¯ena nov· datab·ze [in C:\Users\uzivatel\Documents\script-1\app.py:548]
2025-02-20 12:43:10,805 INFO: Import souboru: certy_uat.xlsx [in C:\Users\uzivatel\Documents\script-1\app.py:186]
2025-02-20 12:43:10,806 INFO: P˘vodnÌ sloupce: ['Server', 'Cesta', 'N·zev certifik·tu', 'Expirace'] [in C:\Users\uzivatel\Documents\script-1\app.py:187]
2025-02-20 12:43:10,806 INFO: Celkov˝ poËet ¯·dk˘ v Excelu: 340 [in C:\Users\uzivatel\Documents\script-1\app.py:188]
2025-02-20 12:43:10,814 INFO: PoËet ¯·dk˘ po odstranÏnÌ pr·zdn˝ch server˘: 340 [in C:\Users\uzivatel\Documents\script-1\app.py:197]
2025-02-20 12:43:10,818 INFO: PoËet ¯·dk˘ po kontrole data: 290 [in C:\Users\uzivatel\Documents\script-1\app.py:216]
2025-02-20 12:43:10,819 INFO: DostupnÈ sloupce: ['Server', 'Cesta', 'N·zev certifik·tu', 'Expirace'] [in C:\Users\uzivatel\Documents\script-1\app.py:219]
2025-02-20 12:43:10,820 INFO: PrvnÌch 5 ¯·dk˘: [in C:\Users\uzivatel\Documents\script-1\app.py:222]
2025-02-20 12:43:10,827 INFO:          Server                                   Cesta                               N·zev certifik·tu             Expirace
0  TVWATRCPRX01                               Personal                          *trcacheprx.ppfbanka.cz  2025-10-10 00:00:00
1  TVWATRCPRX01                               Personal                          TVWATRCPRX01.dmzppfb.cz  2025-03-27 00:00:00
3  TVWATRCPRX01  Trusted Root Certification Authorities  Class 3 Public Primary Certification Authority  2028-08-02 00:00:00
4  TVWATRCPRX01  Trusted Root Certification Authorities              COMODO RSA Certification Authority  2038-01-19 00:00:00
5  TVWATRCPRX01  Trusted Root Certification Authorities                     DigiCert Assured ID Root CA  2031-11-10 00:00:00 [in C:\Users\uzivatel\Documents\script-1\app.py:223]
2025-02-20 12:50:32,594 INFO: Import souboru: certy_uat.xlsx [in C:\Users\uzivatel\Documents\script-1\app.py:186]
2025-02-20 12:50:32,595 INFO: P˘vodnÌ sloupce: ['Server', 'Cesta', 'N·zev certifik·tu', 'Expirace'] [in C:\Users\uzivatel\Documents\script-1\app.py:187]
2025-02-20 12:50:32,596 INFO: Celkov˝ poËet ¯·dk˘ v Excelu: 333 [in C:\Users\uzivatel\Documents\script-1\app.py:188]
2025-02-20 12:50:32,600 INFO: PoËet ¯·dk˘ po odstranÏnÌ pr·zdn˝ch server˘: 333 [in C:\Users\uzivatel\Documents\script-1\app.py:197]
2025-02-20 12:50:32,601 INFO: PoËet ¯·dk˘ po kontrole data: 283 [in C:\Users\uzivatel\Documents\script-1\app.py:216]
2025-02-20 12:50:32,602 INFO: DostupnÈ sloupce: ['Server', 'Cesta', 'N·zev certifik·tu', 'Expirace'] [in C:\Users\uzivatel\Documents\script-1\app.py:219]
2025-02-20 12:50:32,602 INFO: PrvnÌch 5 ¯·dk˘: [in C:\Users\uzivatel\Documents\script-1\app.py:222]
2025-02-20 12:50:32,606 INFO:          Server                                   Cesta                               N·zev certifik·tu             Expirace
0  TVWATRCPRX01                               Personal                          *trcacheprx.ppfbanka.cz  2025-10-10 00:00:00
1  TVWATRCPRX01                               Personal                          TVWATRCPRX01.dmzppfb.cz  2025-03-27 00:00:00
3  TVWATRCPRX01  Trusted Root Certification Authorities  Class 3 Public Primary Certification Authority  2028-08-02 00:00:00
4  TVWATRCPRX01  Trusted Root Certification Authorities              COMODO RSA Certification Authority  2038-01-19 00:00:00
5  TVWATRCPRX01  Trusted Root Certification Authorities                     DigiCert Assured ID Root CA  2031-11-10 00:00:00 [in C:\Users\uzivatel\Documents\script-1\app.py:223]
2025-02-20 12:53:16,347 INFO: Aplikace spuötÏna [in C:\Users\uzivatel\Documents\script-1\app.py:34]
2025-02-20 12:53:16,368 INFO: Vytvo¯ena nov· datab·ze [in C:\Users\uzivatel\Documents\script-1\app.py:548]
2025-02-20 12:54:55,987 INFO: Aplikace spuötÏna [in C:\Users\uzivatel\Documents\script-1\app.py:34]
2025-02-20 12:54:56,010 INFO: Vytvo¯ena nov· datab·ze [in C:\Users\uzivatel\Documents\script-1\app.py:548]
2025-02-20 12:58:01,563 INFO: Aplikace spuötÏna [in C:\Users\uzivatel\Documents\script-1\app.py:34]
2025-02-20 12:58:01,585 INFO: Vytvo¯ena nov· datab·ze [in C:\Users\uzivatel\Documents\script-1\app.py:574]
2025-02-20 13:02:14,852 INFO: Aplikace spuötÏna [in C:\Users\uzivatel\Documents\script-1\app.py:34]
2025-02-20 13:02:14,876 INFO: Vytvo¯ena nov· datab·ze [in C:\Users\uzivatel\Documents\script-1\app.py:594]
2025-02-20 13:02:38,686 INFO: Import souboru: certy_uat.xlsx [in C:\Users\uzivatel\Documents\script-1\app.py:191]
2025-02-20 13:02:38,687 INFO: P˘vodnÌ sloupce: ['Server', 'Cesta', 'N·zev certifik·tu', 'Expirace'] [in C:\Users\uzivatel\Documents\script-1\app.py:192]
2025-02-20 13:02:38,687 INFO: Celkov˝ poËet ¯·dk˘ v Excelu: 333 [in C:\Users\uzivatel\Documents\script-1\app.py:193]
2025-02-20 13:02:38,697 INFO: PoËet ¯·dk˘ po odstranÏnÌ pr·zdn˝ch server˘: 333 [in C:\Users\uzivatel\Documents\script-1\app.py:202]
2025-02-20 13:02:38,702 INFO: PoËet ¯·dk˘ po kontrole data: 283 [in C:\Users\uzivatel\Documents\script-1\app.py:221]
2025-02-20 13:02:38,703 INFO: DostupnÈ sloupce: ['Server', 'Cesta', 'N·zev certifik·tu', 'Expirace'] [in C:\Users\uzivatel\Documents\script-1\app.py:224]
2025-02-20 13:02:38,704 INFO: PrvnÌch 5 ¯·dk˘: [in C:\Users\uzivatel\Documents\script-1\app.py:227]
2025-02-20 13:02:38,712 INFO:          Server                                   Cesta                               N·zev certifik·tu             Expirace
0  TVWATRCPRX01                               Personal                          *trcacheprx.ppfbanka.cz  2025-10-10 00:00:00
1  TVWATRCPRX01                               Personal                          TVWATRCPRX01.dmzppfb.cz  2025-03-27 00:00:00
3  TVWATRCPRX01  Trusted Root Certification Authorities  Class 3 Public Primary Certification Authority  2028-08-02 00:00:00
4  TVWATRCPRX01  Trusted Root Certification Authorities              COMODO RSA Certification Authority  2038-01-19 00:00:00
5  TVWATRCPRX01  Trusted Root Certification Authorities                     DigiCert Assured ID Root CA  2031-11-10 00:00:00 [in C:\Users\uzivatel\Documents\script-1\app.py:228]
2025-02-20 13:03:56,947 INFO: Import souboru: certy_uat.xlsx [in C:\Users\uzivatel\Documents\script-1\app.py:191]
2025-02-20 13:03:56,947 INFO: P˘vodnÌ sloupce: ['Server', 'Cesta', 'N·zev certifik·tu', 'Expirace'] [in C:\Users\uzivatel\Documents\script-1\app.py:192]
2025-02-20 13:03:56,948 INFO: Celkov˝ poËet ¯·dk˘ v Excelu: 333 [in C:\Users\uzivatel\Documents\script-1\app.py:193]
2025-02-20 13:03:56,955 INFO: PoËet ¯·dk˘ po odstranÏnÌ pr·zdn˝ch server˘: 333 [in C:\Users\uzivatel\Documents\script-1\app.py:202]
2025-02-20 13:03:56,959 INFO: PoËet ¯·dk˘ po kontrole data: 283 [in C:\Users\uzivatel\Documents\script-1\app.py:221]
2025-02-20 13:03:56,960 INFO: DostupnÈ sloupce: ['Server', 'Cesta', 'N·zev certifik·tu', 'Expirace'] [in C:\Users\uzivatel\Documents\script-1\app.py:224]
2025-02-20 13:03:56,962 INFO: PrvnÌch 5 ¯·dk˘: [in C:\Users\uzivatel\Documents\script-1\app.py:227]
2025-02-20 13:03:56,970 INFO:          Server                                   Cesta                               N·zev certifik·tu             Expirace
0  TVWATRCPRX01                               Personal                          *trcacheprx.ppfbanka.cz  2025-10-10 00:00:00
1  TVWATRCPRX01                               Personal                          TVWATRCPRX01.dmzppfb.cz  2025-03-27 00:00:00
3  TVWATRCPRX01  Trusted Root Certification Authorities  Class 3 Public Primary Certification Authority  2028-08-02 00:00:00
4  TVWATRCPRX01  Trusted Root Certification Authorities              COMODO RSA Certification Authority  2038-01-19 00:00:00
5  TVWATRCPRX01  Trusted Root Certification Authorities                     DigiCert Assured ID Root CA  2031-11-10 00:00:00 [in C:\Users\uzivatel\Documents\script-1\app.py:228]
2025-02-20 13:17:17,783 INFO: Aplikace spuötÏna [in C:\Users\uzivatel\Documents\script-1\app.py:34]
2025-02-20 13:17:17,818 INFO: Vytvo¯ena nov· datab·ze [in C:\Users\uzivatel\Documents\script-1\app.py:594]
2025-02-20 13:47:18,000 INFO: Aplikace spuötÏna [in C:\Users\uzivatel\Documents\script-1\app.py:36]
2025-02-20 13:47:18,033 INFO: Vytvo¯ena nov· datab·ze [in C:\Users\uzivatel\Documents\script-1\app.py:710]
2025-02-20 13:47:19,171 INFO: Aplikace spuötÏna [in C:\Users\uzivatel\Documents\script-1\app.py:36]
2025-02-20 13:47:19,201 INFO: Vytvo¯ena nov· datab·ze [in C:\Users\uzivatel\Documents\script-1\app.py:710]
2025-02-20 13:48:22,506 INFO: Aplikace spuötÏna [in C:\Users\uzivatel\Documents\script-1\app.py:36]
2025-02-20 13:48:22,537 INFO: Vytvo¯ena nov· datab·ze [in C:\Users\uzivatel\Documents\script-1\app.py:713]
[2025-02-20 15:27:17,033] [INFO] Aplikace spu≈°tƒõna (in C:\Users\uzivatel\Documents\script-1\app.py:760)
[2025-02-20 15:29:59,122] [INFO] Naƒç√≠t√°n√≠ hlavn√≠ str√°nky (in C:\Users\uzivatel\Documents\script-1\app.py:75)
[2025-02-20 15:29:59,140] [INFO] Naƒç√≠t√°n√≠ certifik√°t≈Ø pro server: TVWATRCPRX01 (in C:\Users\uzivatel\Documents\script-1\app.py:81)
[2025-02-20 15:29:59,149] [INFO] Naƒçteno 42 certifik√°t≈Ø (in C:\Users\uzivatel\Documents\script-1\app.py:85)
[2025-02-20 15:30:34,690] [INFO] Naƒç√≠t√°n√≠ hlavn√≠ str√°nky (in C:\Users\uzivatel\Documents\script-1\app.py:75)
[2025-02-20 15:30:34,692] [INFO] Naƒç√≠t√°n√≠ certifik√°t≈Ø pro server: TVWATRCPRX01 (in C:\Users\uzivatel\Documents\script-1\app.py:81)
[2025-02-20 15:30:34,694] [INFO] Naƒçteno 42 certifik√°t≈Ø (in C:\Users\uzivatel\Documents\script-1\app.py:85)
[2025-02-20 15:30:53,902] [INFO] Naƒç√≠t√°n√≠ hlavn√≠ str√°nky (in C:\Users\uzivatel\Documents\script-1\app.py:75)
[2025-02-20 15:30:53,907] [INFO] Naƒç√≠t√°n√≠ certifik√°t≈Ø pro server: TVWATRCPRX01 (in C:\Users\uzivatel\Documents\script-1\app.py:81)
[2025-02-20 15:30:53,912] [INFO] Naƒçteno 42 certifik√°t≈Ø (in C:\Users\uzivatel\Documents\script-1\app.py:85)
[2025-02-20 15:31:01,239] [INFO] Naƒç√≠t√°n√≠ hlavn√≠ str√°nky (in C:\Users\uzivatel\Documents\script-1\app.py:75)
[2025-02-20 15:31:01,244] [INFO] Naƒç√≠t√°n√≠ certifik√°t≈Ø pro server: TVWATRCPRX01 (in C:\Users\uzivatel\Documents\script-1\app.py:81)
[2025-02-20 15:31:01,249] [INFO] Naƒçteno 42 certifik√°t≈Ø (in C:\Users\uzivatel\Documents\script-1\app.py:85)
[2025-02-20 15:32:43,075] [INFO] Aplikace spu≈°tƒõna (in C:\Users\uzivatel\Documents\script-1\app.py:762)
[2025-02-20 15:32:44,845] [INFO] Naƒç√≠t√°n√≠ hlavn√≠ str√°nky (in C:\Users\uzivatel\Documents\script-1\app.py:75)
[2025-02-20 15:32:44,850] [INFO] Naƒç√≠t√°n√≠ certifik√°t≈Ø pro server: TVWATRCPRX01 (in C:\Users\uzivatel\Documents\script-1\app.py:81)
[2025-02-20 15:32:44,855] [INFO] Naƒçteno 42 certifik√°t≈Ø (in C:\Users\uzivatel\Documents\script-1\app.py:85)
[2025-02-20 15:32:46,819] [ERROR] Chyba p≈ôi naƒç√≠t√°n√≠ editaƒçn√≠ho formul√°≈ôe: modal_base.html (in C:\Users\uzivatel\Documents\script-1\app.py:136)
Traceback (most recent call last):
  File "C:\Users\uzivatel\Documents\script-1\app.py", line 134, in get_edit_form
    return render_template('edit_modal.html', certifikat=certifikat, servery=servery)
           ^^^^^^^^^^^^^^^^^^^^^^^^^^^^^^^^^^^^^^^^^^^^^^^^^^^^^^^^^^^^^^^^^^^^^^^^^^
  File "C:\Users\uzivatel\Documents\script-1\venv\Lib\site-packages\flask\templating.py", line 150, in render_template
    return _render(app, template, context)
           ^^^^^^^^^^^^^^^^^^^^^^^^^^^^^^^
  File "C:\Users\uzivatel\Documents\script-1\venv\Lib\site-packages\flask\templating.py", line 131, in _render
    rv = template.render(context)
         ^^^^^^^^^^^^^^^^^^^^^^^^
  File "C:\Users\uzivatel\Documents\script-1\venv\Lib\site-packages\jinja2\environment.py", line 1295, in render
    self.environment.handle_exception()
  File "C:\Users\uzivatel\Documents\script-1\venv\Lib\site-packages\jinja2\environment.py", line 942, in handle_exception
    raise rewrite_traceback_stack(source=source)
  File "C:\Users\uzivatel\Documents\script-1\templates\edit_modal.html", line 1, in top-level template code
    {% extends "modal_base.html" %}
    ^^^^^^^^^^^^^^^^^^^^^^^^^
  File "C:\Users\uzivatel\Documents\script-1\venv\Lib\site-packages\flask\templating.py", line 65, in get_source
    return self._get_source_fast(environment, template)
           ^^^^^^^^^^^^^^^^^^^^^^^^^^^^^^^^^^^^^^^^^^^^
  File "C:\Users\uzivatel\Documents\script-1\venv\Lib\site-packages\flask\templating.py", line 99, in _get_source_fast
    raise TemplateNotFound(template)
jinja2.exceptions.TemplateNotFound: modal_base.html
[2025-02-20 15:39:41,348] [INFO] Naƒç√≠t√°n√≠ hlavn√≠ str√°nky (in C:\Users\uzivatel\Documents\script-1\app.py:75)
[2025-02-20 15:39:41,355] [INFO] Naƒç√≠t√°n√≠ certifik√°t≈Ø pro server: TVWATRCPRX01 (in C:\Users\uzivatel\Documents\script-1\app.py:81)
[2025-02-20 15:39:41,359] [INFO] Naƒçteno 42 certifik√°t≈Ø (in C:\Users\uzivatel\Documents\script-1\app.py:85)
[2025-02-20 15:40:19,203] [INFO] Naƒç√≠t√°n√≠ hlavn√≠ str√°nky (in C:\Users\uzivatel\Documents\script-1\app.py:75)
[2025-02-20 15:40:19,206] [INFO] Naƒç√≠t√°n√≠ certifik√°t≈Ø pro server: TVWATRCPRX01 (in C:\Users\uzivatel\Documents\script-1\app.py:81)
[2025-02-20 15:40:19,211] [INFO] Naƒçteno 42 certifik√°t≈Ø (in C:\Users\uzivatel\Documents\script-1\app.py:85)
[2025-02-20 15:40:41,060] [INFO] Naƒç√≠t√°n√≠ hlavn√≠ str√°nky (in C:\Users\uzivatel\Documents\script-1\app.py:75)
[2025-02-20 15:40:41,065] [INFO] Naƒç√≠t√°n√≠ certifik√°t≈Ø pro server: TVWATRCPRX01 (in C:\Users\uzivatel\Documents\script-1\app.py:81)
[2025-02-20 15:40:41,069] [INFO] Naƒçteno 42 certifik√°t≈Ø (in C:\Users\uzivatel\Documents\script-1\app.py:85)
[2025-02-20 15:40:42,481] [INFO] Naƒç√≠t√°n√≠ hlavn√≠ str√°nky (in C:\Users\uzivatel\Documents\script-1\app.py:75)
[2025-02-20 15:40:42,483] [INFO] Naƒç√≠t√°n√≠ certifik√°t≈Ø pro server: TVWATRCPRX01 (in C:\Users\uzivatel\Documents\script-1\app.py:81)
[2025-02-20 15:40:42,486] [INFO] Naƒçteno 42 certifik√°t≈Ø (in C:\Users\uzivatel\Documents\script-1\app.py:85)
[2025-02-20 15:40:43,224] [INFO] Naƒç√≠t√°n√≠ hlavn√≠ str√°nky (in C:\Users\uzivatel\Documents\script-1\app.py:75)
[2025-02-20 15:40:43,225] [INFO] Naƒç√≠t√°n√≠ certifik√°t≈Ø pro server: TVWATRCPRX01 (in C:\Users\uzivatel\Documents\script-1\app.py:81)
[2025-02-20 15:40:43,227] [INFO] Naƒçteno 42 certifik√°t≈Ø (in C:\Users\uzivatel\Documents\script-1\app.py:85)
[2025-02-20 15:40:59,003] [INFO] Naƒç√≠t√°n√≠ hlavn√≠ str√°nky (in C:\Users\uzivatel\Documents\script-1\app.py:75)
[2025-02-20 15:40:59,005] [INFO] Naƒç√≠t√°n√≠ certifik√°t≈Ø pro server: TVWATRCPRX01 (in C:\Users\uzivatel\Documents\script-1\app.py:81)
[2025-02-20 15:40:59,006] [INFO] Naƒçteno 42 certifik√°t≈Ø (in C:\Users\uzivatel\Documents\script-1\app.py:85)
[2025-02-20 15:41:00,094] [INFO] Naƒç√≠t√°n√≠ hlavn√≠ str√°nky (in C:\Users\uzivatel\Documents\script-1\app.py:75)
[2025-02-20 15:41:00,097] [INFO] Naƒç√≠t√°n√≠ certifik√°t≈Ø pro server: TVWATRCPRX01 (in C:\Users\uzivatel\Documents\script-1\app.py:81)
[2025-02-20 15:41:00,101] [INFO] Naƒçteno 42 certifik√°t≈Ø (in C:\Users\uzivatel\Documents\script-1\app.py:85)
[2025-02-20 15:41:00,649] [INFO] Naƒç√≠t√°n√≠ hlavn√≠ str√°nky (in C:\Users\uzivatel\Documents\script-1\app.py:75)
[2025-02-20 15:41:00,651] [INFO] Naƒç√≠t√°n√≠ certifik√°t≈Ø pro server: TVWATRCPRX01 (in C:\Users\uzivatel\Documents\script-1\app.py:81)
[2025-02-20 15:41:00,654] [INFO] Naƒçteno 42 certifik√°t≈Ø (in C:\Users\uzivatel\Documents\script-1\app.py:85)
[2025-02-20 15:41:00,822] [INFO] Naƒç√≠t√°n√≠ hlavn√≠ str√°nky (in C:\Users\uzivatel\Documents\script-1\app.py:75)
[2025-02-20 15:41:00,826] [INFO] Naƒç√≠t√°n√≠ certifik√°t≈Ø pro server: TVWATRCPRX01 (in C:\Users\uzivatel\Documents\script-1\app.py:81)
[2025-02-20 15:41:00,831] [INFO] Naƒçteno 42 certifik√°t≈Ø (in C:\Users\uzivatel\Documents\script-1\app.py:85)
[2025-02-20 15:41:00,991] [INFO] Naƒç√≠t√°n√≠ hlavn√≠ str√°nky (in C:\Users\uzivatel\Documents\script-1\app.py:75)
[2025-02-20 15:41:00,995] [INFO] Naƒç√≠t√°n√≠ certifik√°t≈Ø pro server: TVWATRCPRX01 (in C:\Users\uzivatel\Documents\script-1\app.py:81)
[2025-02-20 15:41:00,998] [INFO] Naƒçteno 42 certifik√°t≈Ø (in C:\Users\uzivatel\Documents\script-1\app.py:85)
[2025-02-20 15:41:01,110] [INFO] Naƒç√≠t√°n√≠ hlavn√≠ str√°nky (in C:\Users\uzivatel\Documents\script-1\app.py:75)
[2025-02-20 15:41:01,115] [INFO] Naƒç√≠t√°n√≠ certifik√°t≈Ø pro server: TVWATRCPRX01 (in C:\Users\uzivatel\Documents\script-1\app.py:81)
[2025-02-20 15:41:01,119] [INFO] Naƒçteno 42 certifik√°t≈Ø (in C:\Users\uzivatel\Documents\script-1\app.py:85)
[2025-02-20 15:41:01,257] [INFO] Naƒç√≠t√°n√≠ hlavn√≠ str√°nky (in C:\Users\uzivatel\Documents\script-1\app.py:75)
[2025-02-20 15:41:01,260] [INFO] Naƒç√≠t√°n√≠ certifik√°t≈Ø pro server: TVWATRCPRX01 (in C:\Users\uzivatel\Documents\script-1\app.py:81)
[2025-02-20 15:41:01,265] [INFO] Naƒçteno 42 certifik√°t≈Ø (in C:\Users\uzivatel\Documents\script-1\app.py:85)
[2025-02-20 15:41:05,345] [INFO] Naƒç√≠t√°n√≠ hlavn√≠ str√°nky (in C:\Users\uzivatel\Documents\script-1\app.py:75)
[2025-02-20 15:41:05,347] [INFO] Naƒç√≠t√°n√≠ certifik√°t≈Ø pro server: TVWATRCPRX01 (in C:\Users\uzivatel\Documents\script-1\app.py:81)
[2025-02-20 15:41:05,349] [INFO] Naƒçteno 42 certifik√°t≈Ø (in C:\Users\uzivatel\Documents\script-1\app.py:85)
[2025-02-20 15:41:08,706] [INFO] Naƒç√≠t√°n√≠ hlavn√≠ str√°nky (in C:\Users\uzivatel\Documents\script-1\app.py:75)
[2025-02-20 15:41:08,711] [INFO] Naƒç√≠t√°n√≠ certifik√°t≈Ø pro server: TVWATRCPRX01 (in C:\Users\uzivatel\Documents\script-1\app.py:81)
[2025-02-20 15:41:08,714] [INFO] Naƒçteno 42 certifik√°t≈Ø (in C:\Users\uzivatel\Documents\script-1\app.py:85)
[2025-02-20 15:41:09,210] [INFO] Naƒç√≠t√°n√≠ hlavn√≠ str√°nky (in C:\Users\uzivatel\Documents\script-1\app.py:75)
[2025-02-20 15:41:09,215] [INFO] Naƒç√≠t√°n√≠ certifik√°t≈Ø pro server: TVWATRCPRX01 (in C:\Users\uzivatel\Documents\script-1\app.py:81)
[2025-02-20 15:41:09,217] [INFO] Naƒçteno 42 certifik√°t≈Ø (in C:\Users\uzivatel\Documents\script-1\app.py:85)
[2025-02-20 15:41:09,408] [INFO] Naƒç√≠t√°n√≠ hlavn√≠ str√°nky (in C:\Users\uzivatel\Documents\script-1\app.py:75)
[2025-02-20 15:41:09,412] [INFO] Naƒç√≠t√°n√≠ certifik√°t≈Ø pro server: TVWATRCPRX01 (in C:\Users\uzivatel\Documents\script-1\app.py:81)
[2025-02-20 15:41:09,418] [INFO] Naƒçteno 42 certifik√°t≈Ø (in C:\Users\uzivatel\Documents\script-1\app.py:85)
[2025-02-20 15:41:09,571] [INFO] Naƒç√≠t√°n√≠ hlavn√≠ str√°nky (in C:\Users\uzivatel\Documents\script-1\app.py:75)
[2025-02-20 15:41:09,574] [INFO] Naƒç√≠t√°n√≠ certifik√°t≈Ø pro server: TVWATRCPRX01 (in C:\Users\uzivatel\Documents\script-1\app.py:81)
[2025-02-20 15:41:09,577] [INFO] Naƒçteno 42 certifik√°t≈Ø (in C:\Users\uzivatel\Documents\script-1\app.py:85)
[2025-02-20 15:41:10,056] [INFO] Naƒç√≠t√°n√≠ hlavn√≠ str√°nky (in C:\Users\uzivatel\Documents\script-1\app.py:75)
[2025-02-20 15:41:10,060] [INFO] Naƒç√≠t√°n√≠ certifik√°t≈Ø pro server: TVWATRCPRX01 (in C:\Users\uzivatel\Documents\script-1\app.py:81)
[2025-02-20 15:41:10,065] [INFO] Naƒçteno 42 certifik√°t≈Ø (in C:\Users\uzivatel\Documents\script-1\app.py:85)
[2025-02-20 15:41:13,902] [INFO] Naƒç√≠t√°n√≠ hlavn√≠ str√°nky (in C:\Users\uzivatel\Documents\script-1\app.py:75)
[2025-02-20 15:41:13,906] [INFO] Naƒç√≠t√°n√≠ certifik√°t≈Ø pro server: TVWATRCPRX01 (in C:\Users\uzivatel\Documents\script-1\app.py:81)
[2025-02-20 15:41:13,910] [INFO] Naƒçteno 42 certifik√°t≈Ø (in C:\Users\uzivatel\Documents\script-1\app.py:85)
[2025-02-20 15:42:13,880] [INFO] Naƒç√≠t√°n√≠ hlavn√≠ str√°nky (in C:\Users\uzivatel\Documents\script-1\app.py:75)
[2025-02-20 15:42:13,883] [INFO] Naƒç√≠t√°n√≠ certifik√°t≈Ø pro server: TVWATRCPRX01 (in C:\Users\uzivatel\Documents\script-1\app.py:81)
[2025-02-20 15:42:13,886] [INFO] Naƒçteno 42 certifik√°t≈Ø (in C:\Users\uzivatel\Documents\script-1\app.py:85)
[2025-02-20 15:43:15,979] [INFO] Certifik√°t PPF banka CA01 byl √∫spƒõ≈°nƒõ upraven (in C:\Users\uzivatel\Documents\script-1\app.py:160)
[2025-02-20 15:43:29,446] [INFO] Naƒç√≠t√°n√≠ hlavn√≠ str√°nky (in C:\Users\uzivatel\Documents\script-1\app.py:75)
[2025-02-20 15:43:29,449] [INFO] Naƒç√≠t√°n√≠ certifik√°t≈Ø pro server: TVWATRCPRX01 (in C:\Users\uzivatel\Documents\script-1\app.py:81)
[2025-02-20 15:43:29,452] [INFO] Naƒçteno 42 certifik√°t≈Ø (in C:\Users\uzivatel\Documents\script-1\app.py:85)
[2025-02-20 15:44:19,388] [INFO] Naƒç√≠t√°n√≠ hlavn√≠ str√°nky (in C:\Users\uzivatel\Documents\script-1\app.py:75)
[2025-02-20 15:44:19,399] [INFO] Naƒç√≠t√°n√≠ certifik√°t≈Ø pro server: TVWATRCPRX01 (in C:\Users\uzivatel\Documents\script-1\app.py:81)
[2025-02-20 15:44:19,402] [INFO] Naƒçteno 42 certifik√°t≈Ø (in C:\Users\uzivatel\Documents\script-1\app.py:85)
[2025-02-20 15:44:46,122] [INFO] Naƒç√≠t√°n√≠ hlavn√≠ str√°nky (in C:\Users\uzivatel\Documents\script-1\app.py:75)
[2025-02-20 15:44:46,124] [INFO] Naƒç√≠t√°n√≠ certifik√°t≈Ø pro server: TVWATRCPRX01 (in C:\Users\uzivatel\Documents\script-1\app.py:81)
[2025-02-20 15:44:46,128] [INFO] Naƒçteno 42 certifik√°t≈Ø (in C:\Users\uzivatel\Documents\script-1\app.py:85)
[2025-02-20 15:46:21,368] [INFO] Aplikace spu≈°tƒõna (in C:\Users\uzivatel\Documents\script-1\app.py:762)
[2025-02-20 15:47:33,202] [INFO] Naƒç√≠t√°n√≠ hlavn√≠ str√°nky (in C:\Users\uzivatel\Documents\script-1\app.py:75)
[2025-02-20 15:47:33,204] [INFO] Naƒç√≠t√°n√≠ certifik√°t≈Ø pro server: TVWATRCPRX01 (in C:\Users\uzivatel\Documents\script-1\app.py:81)
[2025-02-20 15:47:33,212] [INFO] Naƒçteno 42 certifik√°t≈Ø (in C:\Users\uzivatel\Documents\script-1\app.py:85)
[2025-02-20 15:47:39,726] [INFO] Naƒç√≠t√°n√≠ hlavn√≠ str√°nky (in C:\Users\uzivatel\Documents\script-1\app.py:75)
[2025-02-20 15:47:39,729] [INFO] Naƒç√≠t√°n√≠ certifik√°t≈Ø pro server: TVWATRCPRX01 (in C:\Users\uzivatel\Documents\script-1\app.py:81)
[2025-02-20 15:47:39,733] [INFO] Naƒçteno 42 certifik√°t≈Ø (in C:\Users\uzivatel\Documents\script-1\app.py:85)
[2025-02-20 15:48:12,966] [INFO] Aplikace spu≈°tƒõna (in C:\Users\uzivatel\Documents\script-1\app.py:765)
[2025-02-20 15:48:23,373] [INFO] Naƒç√≠t√°n√≠ hlavn√≠ str√°nky (in C:\Users\uzivatel\Documents\script-1\app.py:75)
[2025-02-20 15:48:23,381] [INFO] Naƒç√≠t√°n√≠ certifik√°t≈Ø pro server: TVWATRCPRX01 (in C:\Users\uzivatel\Documents\script-1\app.py:81)
[2025-02-20 15:48:23,392] [INFO] Naƒçteno 42 certifik√°t≈Ø (in C:\Users\uzivatel\Documents\script-1\app.py:85)
[2025-02-20 15:48:23,428] [ERROR] Chyba p≈ôi naƒç√≠t√°n√≠ hlavn√≠ str√°nky: Could not build url for endpoint 'sprava_serveru'. Did you mean 'upravit_server' instead? (in C:\Users\uzivatel\Documents\script-1\app.py:95)
Traceback (most recent call last):
  File "C:\Users\uzivatel\Documents\script-1\app.py", line 90, in index
    return render_template('index.html',
          ^^^^^^^^^^^^^^^^^^^^^^^^^^^^^^
  File "C:\Users\uzivatel\Documents\script-1\venv\Lib\site-packages\flask\templating.py", line 150, in render_template
    return _render(app, template, context)
           ^^^^^^^^^^^^^^^^^^^^^^^^^^^^^^^
  File "C:\Users\uzivatel\Documents\script-1\venv\Lib\site-packages\flask\templating.py", line 131, in _render
    rv = template.render(context)
         ^^^^^^^^^^^^^^^^^^^^^^^^
  File "C:\Users\uzivatel\Documents\script-1\venv\Lib\site-packages\jinja2\environment.py", line 1295, in render
    self.environment.handle_exception()
  File "C:\Users\uzivatel\Documents\script-1\venv\Lib\site-packages\jinja2\environment.py", line 942, in handle_exception
    raise rewrite_traceback_stack(source=source)
  File "C:\Users\uzivatel\Documents\script-1\templates\index.html", line 1, in top-level template code
    {% extends "base.html" %}
  File "C:\Users\uzivatel\Documents\script-1\templates\base.html", line 25, in top-level template code
    {% block content %}{% endblock %}
    ^^^^^^^^^^^^^^^^^^^^^^^^^
  File "C:\Users\uzivatel\Documents\script-1\templates\index.html", line 25, in block 'content'
    <a href="{{ url_for('sprava_serveru') }}" class="button secondary">
    ^^^^^^^^^^^^^^^^^^^^^^^^^
  File "C:\Users\uzivatel\Documents\script-1\venv\Lib\site-packages\flask\app.py", line 1121, in url_for
    return self.handle_url_build_error(error, endpoint, values)
           ^^^^^^^^^^^^^^^^^^^^^^^^^^^^^^^^^^^^^^^^^^^^^^^^^^^^
  File "C:\Users\uzivatel\Documents\script-1\venv\Lib\site-packages\flask\app.py", line 1110, in url_for
    rv = url_adapter.build(  # type: ignore[union-attr]
         ^^^^^^^^^^^^^^^^^^^^^^^^^^^^^^^^^^^^^^^^^^^^^^
  File "C:\Users\uzivatel\Documents\script-1\venv\Lib\site-packages\werkzeug\routing\map.py", line 924, in build
    raise BuildError(endpoint, values, method, self)
werkzeug.routing.exceptions.BuildError: Could not build url for endpoint 'sprava_serveru'. Did you mean 'upravit_server' instead?
[2025-02-20 15:49:11,814] [INFO] Aplikace spu≈°tƒõna (in C:\Users\uzivatel\Documents\script-1\app.py:765)
[2025-02-20 15:49:11,884] [INFO] Naƒç√≠t√°n√≠ hlavn√≠ str√°nky (in C:\Users\uzivatel\Documents\script-1\app.py:75)
[2025-02-20 15:49:11,890] [INFO] Naƒç√≠t√°n√≠ certifik√°t≈Ø pro server: TVWATRCPRX01 (in C:\Users\uzivatel\Documents\script-1\app.py:81)
[2025-02-20 15:49:11,893] [INFO] Naƒçteno 42 certifik√°t≈Ø (in C:\Users\uzivatel\Documents\script-1\app.py:85)
[2025-02-20 15:49:11,907] [ERROR] Chyba p≈ôi naƒç√≠t√°n√≠ hlavn√≠ str√°nky: Could not build url for endpoint 'sprava_serveru'. Did you mean 'upravit_server' instead? (in C:\Users\uzivatel\Documents\script-1\app.py:95)
Traceback (most recent call last):
  File "C:\Users\uzivatel\Documents\script-1\app.py", line 90, in index
    return render_template('index.html',
          ^^^^^^^^^^^^^^^^^^^^^^^^^^^^^^
  File "C:\Users\uzivatel\Documents\script-1\venv\Lib\site-packages\flask\templating.py", line 150, in render_template
    return _render(app, template, context)
           ^^^^^^^^^^^^^^^^^^^^^^^^^^^^^^^
  File "C:\Users\uzivatel\Documents\script-1\venv\Lib\site-packages\flask\templating.py", line 131, in _render
    rv = template.render(context)
         ^^^^^^^^^^^^^^^^^^^^^^^^
  File "C:\Users\uzivatel\Documents\script-1\venv\Lib\site-packages\jinja2\environment.py", line 1295, in render
    self.environment.handle_exception()
  File "C:\Users\uzivatel\Documents\script-1\venv\Lib\site-packages\jinja2\environment.py", line 942, in handle_exception
    raise rewrite_traceback_stack(source=source)
  File "C:\Users\uzivatel\Documents\script-1\templates\index.html", line 1, in top-level template code
    {% extends "base.html" %}
  File "C:\Users\uzivatel\Documents\script-1\templates\base.html", line 25, in top-level template code
    {% block content %}{% endblock %}
    ^^^^^^^^^^^^^^^^^^^^^^^^^
  File "C:\Users\uzivatel\Documents\script-1\templates\index.html", line 25, in block 'content'
    <a href="{{ url_for('sprava_serveru') }}" class="button secondary">
    ^^^^^^^^^^^^^^^^^^^^^^^^^
  File "C:\Users\uzivatel\Documents\script-1\venv\Lib\site-packages\flask\app.py", line 1121, in url_for
    return self.handle_url_build_error(error, endpoint, values)
           ^^^^^^^^^^^^^^^^^^^^^^^^^^^^^^^^^^^^^^^^^^^^^^^^^^^^
  File "C:\Users\uzivatel\Documents\script-1\venv\Lib\site-packages\flask\app.py", line 1110, in url_for
    rv = url_adapter.build(  # type: ignore[union-attr]
         ^^^^^^^^^^^^^^^^^^^^^^^^^^^^^^^^^^^^^^^^^^^^^^
  File "C:\Users\uzivatel\Documents\script-1\venv\Lib\site-packages\werkzeug\routing\map.py", line 924, in build
    raise BuildError(endpoint, values, method, self)
werkzeug.routing.exceptions.BuildError: Could not build url for endpoint 'sprava_serveru'. Did you mean 'upravit_server' instead?
[2025-02-20 15:49:47,905] [INFO] Naƒç√≠t√°n√≠ hlavn√≠ str√°nky (in C:\Users\uzivatel\Documents\script-1\app.py:75)
[2025-02-20 15:49:47,907] [INFO] Naƒç√≠t√°n√≠ certifik√°t≈Ø pro server: TVWATRCPRX01 (in C:\Users\uzivatel\Documents\script-1\app.py:81)
[2025-02-20 15:49:47,912] [INFO] Naƒçteno 42 certifik√°t≈Ø (in C:\Users\uzivatel\Documents\script-1\app.py:85)
[2025-02-20 15:51:45,707] [INFO] Naƒç√≠t√°n√≠ hlavn√≠ str√°nky (in C:\Users\uzivatel\Documents\script-1\app.py:75)
[2025-02-20 15:51:45,709] [INFO] Naƒç√≠t√°n√≠ certifik√°t≈Ø pro server: TVWATRCPRX01 (in C:\Users\uzivatel\Documents\script-1\app.py:81)
[2025-02-20 15:51:45,713] [INFO] Naƒçteno 42 certifik√°t≈Ø (in C:\Users\uzivatel\Documents\script-1\app.py:85)
[2025-02-20 15:52:14,581] [INFO] Naƒç√≠t√°n√≠ hlavn√≠ str√°nky (in C:\Users\uzivatel\Documents\script-1\app.py:75)
[2025-02-20 15:52:14,583] [INFO] Naƒç√≠t√°n√≠ certifik√°t≈Ø pro server: TVWATRCPRX01 (in C:\Users\uzivatel\Documents\script-1\app.py:81)
[2025-02-20 15:52:14,586] [INFO] Naƒçteno 42 certifik√°t≈Ø (in C:\Users\uzivatel\Documents\script-1\app.py:85)
[2025-02-20 15:52:22,691] [INFO] Naƒç√≠t√°n√≠ hlavn√≠ str√°nky (in C:\Users\uzivatel\Documents\script-1\app.py:75)
[2025-02-20 15:52:22,693] [INFO] Naƒç√≠t√°n√≠ certifik√°t≈Ø pro server: TVWATRCPRX01 (in C:\Users\uzivatel\Documents\script-1\app.py:81)
[2025-02-20 15:52:22,696] [INFO] Naƒçteno 42 certifik√°t≈Ø (in C:\Users\uzivatel\Documents\script-1\app.py:85)
[2025-02-20 15:55:17,241] [INFO] Naƒç√≠t√°n√≠ hlavn√≠ str√°nky (in C:\Users\uzivatel\Documents\script-1\app.py:75)
[2025-02-20 15:55:17,244] [INFO] Naƒç√≠t√°n√≠ certifik√°t≈Ø pro server: TVWATRCPRX01 (in C:\Users\uzivatel\Documents\script-1\app.py:81)
[2025-02-20 15:55:17,248] [INFO] Naƒçteno 42 certifik√°t≈Ø (in C:\Users\uzivatel\Documents\script-1\app.py:85)
[2025-02-20 15:55:30,316] [INFO] Naƒç√≠t√°n√≠ hlavn√≠ str√°nky (in C:\Users\uzivatel\Documents\script-1\app.py:75)
[2025-02-20 15:55:30,319] [INFO] Naƒç√≠t√°n√≠ certifik√°t≈Ø pro server: TVWATRCPRX01 (in C:\Users\uzivatel\Documents\script-1\app.py:81)
[2025-02-20 15:55:30,323] [INFO] Naƒçteno 42 certifik√°t≈Ø (in C:\Users\uzivatel\Documents\script-1\app.py:85)
[2025-02-25 16:07:51,617] [INFO] Aplikace spu≈°tƒõna (in C:\Users\uzivatel\Documents\script-1\app.py:765)
[2025-02-25 16:07:52,941] [INFO] Aplikace spu≈°tƒõna (in C:\Users\uzivatel\Documents\script-1\app.py:765)
[2025-02-25 16:07:54,735] [INFO] Naƒç√≠t√°n√≠ hlavn√≠ str√°nky (in C:\Users\uzivatel\Documents\script-1\app.py:75)
[2025-02-25 16:07:54,757] [INFO] Naƒç√≠t√°n√≠ certifik√°t≈Ø pro server: TVWATRCPRX01 (in C:\Users\uzivatel\Documents\script-1\app.py:81)
[2025-02-25 16:07:54,767] [INFO] Naƒçteno 42 certifik√°t≈Ø (in C:\Users\uzivatel\Documents\script-1\app.py:85)
[2025-02-25 16:08:03,291] [INFO] Naƒç√≠t√°n√≠ hlavn√≠ str√°nky (in C:\Users\uzivatel\Documents\script-1\app.py:75)
[2025-02-25 16:08:03,295] [INFO] Naƒç√≠t√°n√≠ certifik√°t≈Ø pro server: TVWATRCPRX01 (in C:\Users\uzivatel\Documents\script-1\app.py:81)
[2025-02-25 16:08:03,299] [INFO] Naƒçteno 42 certifik√°t≈Ø (in C:\Users\uzivatel\Documents\script-1\app.py:85)
[2025-02-25 16:08:08,767] [INFO] Naƒç√≠t√°n√≠ hlavn√≠ str√°nky (in C:\Users\uzivatel\Documents\script-1\app.py:75)
[2025-02-25 16:08:08,769] [INFO] Naƒç√≠t√°n√≠ certifik√°t≈Ø pro server: TVWATRCPRX01 (in C:\Users\uzivatel\Documents\script-1\app.py:81)
[2025-02-25 16:08:08,772] [INFO] Naƒçteno 42 certifik√°t≈Ø (in C:\Users\uzivatel\Documents\script-1\app.py:85)
[2025-02-27 13:32:23,389] [INFO] Aplikace spu≈°tƒõna (in C:\Users\uzivatel\Documents\Certifik√°ty\app.py:768)
[2025-02-27 13:32:24,672] [INFO] Aplikace spu≈°tƒõna (in C:\Users\uzivatel\Documents\Certifik√°ty\app.py:768)
[2025-02-27 13:32:27,441] [INFO] Naƒç√≠t√°n√≠ hlavn√≠ str√°nky (in C:\Users\uzivatel\Documents\Certifik√°ty\app.py:78)
[2025-02-27 13:32:27,460] [INFO] Naƒç√≠t√°n√≠ certifik√°t≈Ø pro server: TVWATRCPRX01 (in C:\Users\uzivatel\Documents\Certifik√°ty\app.py:84)
[2025-02-27 13:32:27,472] [INFO] Naƒçteno 42 certifik√°t≈Ø (in C:\Users\uzivatel\Documents\Certifik√°ty\app.py:88)
[2025-02-27 13:32:28,000] [ERROR] Str√°nka nenalezena: http://127.0.0.1:5000/favicon.ico (in C:\Users\uzivatel\Documents\Certifik√°ty\app.py:758)
[2025-02-27 13:33:50,034] [INFO] Naƒç√≠t√°n√≠ hlavn√≠ str√°nky (in C:\Users\uzivatel\Documents\Certifik√°ty\app.py:78)
[2025-02-27 13:33:50,040] [INFO] Naƒç√≠t√°n√≠ certifik√°t≈Ø pro server: TVWATRCPRX01 (in C:\Users\uzivatel\Documents\Certifik√°ty\app.py:84)
[2025-02-27 13:33:50,049] [INFO] Naƒçteno 42 certifik√°t≈Ø (in C:\Users\uzivatel\Documents\Certifik√°ty\app.py:88)
[2025-02-27 13:33:50,794] [INFO] Naƒç√≠t√°n√≠ hlavn√≠ str√°nky (in C:\Users\uzivatel\Documents\Certifik√°ty\app.py:78)
[2025-02-27 13:33:50,798] [INFO] Naƒç√≠t√°n√≠ certifik√°t≈Ø pro server: TVWATRCPRX01 (in C:\Users\uzivatel\Documents\Certifik√°ty\app.py:84)
[2025-02-27 13:33:50,802] [INFO] Naƒçteno 42 certifik√°t≈Ø (in C:\Users\uzivatel\Documents\Certifik√°ty\app.py:88)
[2025-02-27 13:34:44,339] [INFO] Aplikace spu≈°tƒõna (in C:\Users\uzivatel\Documents\Certifik√°ty\app.py:771)
[2025-02-27 13:34:48,550] [ERROR] Str√°nka nenalezena: http://127.0.0.1:5000/ (in C:\Users\uzivatel\Documents\Certifik√°ty\app.py:761)
[2025-02-27 13:34:50,114] [INFO] Naƒç√≠t√°n√≠ hlavn√≠ str√°nky (in C:\Users\uzivatel\Documents\Certifik√°ty\app.py:81)
[2025-02-27 13:34:50,130] [INFO] Naƒç√≠t√°n√≠ certifik√°t≈Ø pro server: TVWATRCPRX01 (in C:\Users\uzivatel\Documents\Certifik√°ty\app.py:87)
[2025-02-27 13:34:50,143] [INFO] Naƒçteno 42 certifik√°t≈Ø (in C:\Users\uzivatel\Documents\Certifik√°ty\app.py:91)
[2025-02-27 13:34:52,335] [INFO] Naƒç√≠t√°n√≠ hlavn√≠ str√°nky (in C:\Users\uzivatel\Documents\Certifik√°ty\app.py:81)
[2025-02-27 13:34:52,339] [INFO] Naƒç√≠t√°n√≠ certifik√°t≈Ø pro server: TVWATRCPRX01 (in C:\Users\uzivatel\Documents\Certifik√°ty\app.py:87)
[2025-02-27 13:34:52,343] [INFO] Naƒçteno 42 certifik√°t≈Ø (in C:\Users\uzivatel\Documents\Certifik√°ty\app.py:91)
[2025-02-27 14:48:32,993] [INFO] Aplikace spu≈°tƒõna (in C:\Users\uzivatel\Documents\Certifikaty\app.py:772)
[2025-02-28 20:46:31,699] [INFO] Aplikace spu≈°tƒõna (in C:\Users\uzivatel\Documents\Certifikaty\app.py:772)
[2025-02-28 20:47:31,492] [ERROR] Str√°nka nenalezena: http://localhost:5000/ (in C:\Users\uzivatel\Documents\Certifikaty\app.py:762)
[2025-02-28 20:47:33,208] [ERROR] Str√°nka nenalezena: http://localhost:5000/favicon.ico (in C:\Users\uzivatel\Documents\Certifikaty\app.py:762)
[2025-02-28 20:47:38,137] [INFO] Naƒç√≠t√°n√≠ hlavn√≠ str√°nky (in C:\Users\uzivatel\Documents\Certifikaty\app.py:82)
[2025-02-28 20:47:38,168] [INFO] Naƒç√≠t√°n√≠ certifik√°t≈Ø pro server: TVWATRCPRX01 (in C:\Users\uzivatel\Documents\Certifikaty\app.py:88)
[2025-02-28 20:47:38,205] [INFO] Naƒçteno 42 certifik√°t≈Ø (in C:\Users\uzivatel\Documents\Certifikaty\app.py:92)
